app/build/intermediates/manifest_merge_blame_file/debug/manifest-merger-blame-debug-report.txt
1<?xml version="1.0" encoding="utf-8"?>
2<manifest xmlns:android="http://schemas.android.com/apk/res/android"
3    package="com.example.liftzone"
4    android:versionCode="1"
5    android:versionName="1.0" >
6
7    <uses-sdk
8        android:minSdkVersion="21"
8-->src\main\AndroidManifest.xml
9        android:targetSdkVersion="32" />
9-->src\main\AndroidManifest.xml
10
11    <uses-permission android:name="android.permission.INTERNET" >
11-->src\main\AndroidManifest.xml:4:5-6:23
11-->src\main\AndroidManifest.xml:4:22-64
12    </uses-permission>
13
14    <application
14-->src\main\AndroidManifest.xml:8:5-28:19
15        android:allowBackup="true"
15-->src\main\AndroidManifest.xml:9:9-35
16        android:appComponentFactory="androidx.core.app.CoreComponentFactory"
16-->[androidx.core:core:1.7.0] AndroidManifest.xml:24:18-86
17        android:debuggable="true"
18        android:icon="@mipmap/ic_launcher"
18-->src\main\AndroidManifest.xml:10:9-43
19        android:label="@string/app_name"
19-->src\main\AndroidManifest.xml:11:9-41
20        android:roundIcon="@mipmap/ic_launcher_round"
20-->src\main\AndroidManifest.xml:12:9-54
21        android:supportsRtl="true"
21-->src\main\AndroidManifest.xml:13:9-35
22        android:testOnly="true"
23        android:theme="@style/Theme.LiftZone" >
23-->src\main\AndroidManifest.xml:14:9-46
24        <activity
24-->src\main\AndroidManifest.xml:15:9-21:20
25            android:name="com.example.liftzone.HomePage"
25-->src\main\AndroidManifest.xml:15:19-43
26            android:exported="true" >
26-->src\main\AndroidManifest.xml:15:44-67
27            <intent-filter>
27-->src\main\AndroidManifest.xml:16:13-20:29
28                <action android:name="android.intent.action.MAIN" />
28-->src\main\AndroidManifest.xml:17:17-69
28-->src\main\AndroidManifest.xml:17:25-66
29
30                <category android:name="android.intent.category.LAUNCHER" />
30-->src\main\AndroidManifest.xml:19:17-77
30-->src\main\AndroidManifest.xml:19:27-74
31            </intent-filter>
32        </activity>
33        <activity
33-->src\main\AndroidManifest.xml:22:9-73
34            android:name="com.example.liftzone.MainActivity"
34-->src\main\AndroidManifest.xml:22:19-47
35            android:exported="true" />
35-->src\main\AndroidManifest.xml:22:48-71
36        <activity
36-->src\main\AndroidManifest.xml:23:9-74
37            android:name="com.example.liftzone.ListMuscles"
37-->src\main\AndroidManifest.xml:23:19-46
38            android:exported="false" />
38-->src\main\AndroidManifest.xml:23:47-71
39        <activity
39-->src\main\AndroidManifest.xml:24:9-76
40            android:name="com.example.liftzone.ListExercises"
40-->src\main\AndroidManifest.xml:24:19-48
41            android:exported="false" />
41-->src\main\AndroidManifest.xml:24:49-73
42        <activity
42-->src\main\AndroidManifest.xml:25:9-73
43            android:name="com.example.liftzone.AddWorkout"
43-->src\main\AndroidManifest.xml:25:19-45
44            android:exported="false" />
44-->src\main\AndroidManifest.xml:25:46-70
45        <activity
45-->src\main\AndroidManifest.xml:26:9-71
46            android:name="com.example.liftzone.Exercise"
46-->src\main\AndroidManifest.xml:26:19-43
47            android:exported="false" />
47-->src\main\AndroidManifest.xml:26:44-68
48        <activity
48-->src\main\AndroidManifest.xml:27:9-70
49            android:name="com.example.liftzone.Consult"
49-->src\main\AndroidManifest.xml:27:19-42
50            android:exported="false" />
50-->src\main\AndroidManifest.xml:27:43-67
51
52        <provider
52-->[com.squareup.picasso:picasso:2.71828] AndroidManifest.xml:8:9-11:40
53            android:name="com.squareup.picasso.PicassoProvider"
53-->[com.squareup.picasso:picasso:2.71828] AndroidManifest.xml:9:13-64
54            android:authorities="com.example.liftzone.com.squareup.picasso"
54-->[com.squareup.picasso:picasso:2.71828] AndroidManifest.xml:10:13-72
55            android:exported="false" />
55-->[com.squareup.picasso:picasso:2.71828] AndroidManifest.xml:11:13-37
56        <provider
56-->[androidx.emoji2:emoji2:1.0.0] AndroidManifest.xml:26:9-34:20
57            android:name="androidx.startup.InitializationProvider"
57-->[androidx.emoji2:emoji2:1.0.0] AndroidManifest.xml:27:13-67
58            android:authorities="com.example.liftzone.androidx-startup"
58-->[androidx.emoji2:emoji2:1.0.0] AndroidManifest.xml:28:13-68
59            android:exported="false" >
59-->[androidx.emoji2:emoji2:1.0.0] AndroidManifest.xml:29:13-37
60            <meta-data
60-->[androidx.emoji2:emoji2:1.0.0] AndroidManifest.xml:31:13-33:52
61                android:name="androidx.emoji2.text.EmojiCompatInitializer"
61-->[androidx.emoji2:emoji2:1.0.0] AndroidManifest.xml:32:17-75
62                android:value="androidx.startup" />
62-->[androidx.emoji2:emoji2:1.0.0] AndroidManifest.xml:33:17-49
63            <meta-data
63-->[androidx.lifecycle:lifecycle-process:2.4.0] AndroidManifest.xml:31:13-33:52
64                android:name="androidx.lifecycle.ProcessLifecycleInitializer"
64-->[androidx.lifecycle:lifecycle-process:2.4.0] AndroidManifest.xml:32:17-78
65                android:value="androidx.startup" />
65-->[androidx.lifecycle:lifecycle-process:2.4.0] AndroidManifest.xml:33:17-49
66        </provider>
67    </application>
68
69</manifest>